[16:18][Arcemu][2012-09-26 16:18:53] 
[16:18][Arcemu]ArcEmu 4.0-TRUNK 0/Debug-Win32 (X86) :: Logon Server
[16:18][Arcemu]System: Initializing Random Number Generators...
[16:18][Arcemu]Config: Loading Config Files...
[16:18][Arcemu]ThreadMgr: Starting...
[16:18][Arcemu]AccountMgr: Starting...
[16:18][Arcemu]InfoCore: Starting...
[16:18][Arcemu]AccountMgr: 0 accounts are loaded and ready.
[16:18][Arcemu]Hooking signals...
[16:18][Arcemu]Success! Ready for connections
[16:18][Arcemu]Shutting down...
[16:18][Arcemu] [BSC] f:\code\some_game_server\arcemu\logon\arcnet\logon\logonconsole.cpp:37 LogonConsole::Kill Waiting for console thread to terminate....
[16:18][Arcemu] [BSC] f:\code\some_game_server\arcemu\logon\arcnet\logon\logonconsole.cpp:42 LogonConsole::Kill Console shut down.
[16:18][Arcemu]Waiting for database to close..
[16:19][Arcemu] [BSC] f:\code\some_game_server\arcemu\logon\arcnet\logon\main.cpp:235 LogonServer::Run Shutdown complete.
[17:59][Arcemu][2012-09-26 17:59:11] 
[17:59][Arcemu]ArcEmu 4.0-TRUNK 0/Debug-Win32 (X86) :: Logon Server
[17:59][Arcemu]System: Initializing Random Number Generators...
[17:59][Arcemu]Config: Loading Config Files...
[17:59][Arcemu]ThreadMgr: Starting...
[17:59][Arcemu]AccountMgr: Starting...
[17:59][Arcemu]InfoCore: Starting...
[17:59][Arcemu]AccountMgr: 0 accounts are loaded and ready.
[17:59][Arcemu]Hooking signals...
[17:59][Arcemu]Success! Ready for connections
[14:53][Arcemu][2012-09-28 14:53:56] 
[14:53][Arcemu]MNet 4.0-TRUNK 0/Debug-Win32 (X86) :: Logon Server
[14:53][Arcemu]System: Initializing Random Number Generators...
[14:53][Arcemu]Config: Loading Config Files...
[14:53][Arcemu]ThreadMgr: Starting...
[14:53][Arcemu]AccountMgr: Starting...
[14:53][Arcemu]InfoCore: Starting...
[14:53][Arcemu]AccountMgr: 0 accounts are loaded and ready.
[14:53][Arcemu]Hooking signals...
[14:53][Arcemu]Success! Ready for connections
[18:02][Arcemu][2012-09-28 18:02:05] 
[18:02][Arcemu]MNet 4.0-TRUNK 0/Debug-Win32 (X86) :: Logon Server
[18:02][Arcemu]System: Initializing Random Number Generators...
[18:02][Arcemu]Config: Loading Config Files...
[18:02][Arcemu]ThreadMgr: Starting...
[18:02][Arcemu]AccountMgr: Starting...
[18:02][Arcemu]InfoCore: Starting...
[18:02][Arcemu]AccountMgr: 0 accounts are loaded and ready.
[18:02][Arcemu]Hooking signals...
[18:02][Arcemu]Success! Ready for connections
